<?xml version="1.0" encoding="UTF-8"?>
<!-- Generated by org.testng.reporters.JUnitXMLReporter -->
<testsuite ignored="0" hostname="BRIAPWLpLl4e149" failures="0" tests="8" name="Free CRM App Test" time="117.861" errors="0" timestamp="2024-04-01T19:55:15 IST">
  <testcase classname="com.cra.qa.testcases.HomePageTest" name="validateCurrentUserTest" time="2.434"/>
  <testcase classname="com.cra.qa.testcases.HomePageTest" name="verifyContactsTest" time="2.454"/>
  <testcase classname="com.cra.qa.testcases.HomePageTest" name="verifyHomePageTitleTest" time="0.01"/>
  <testcase classname="com.cra.qa.testcases.LoginPageTest" name="loginTest" time="0.334"/>
  <testcase classname="com.cra.qa.testcases.ContactsPageTest" name="validateCreateNewContact" time="5.159"/>
  <testcase classname="com.cra.qa.testcases.ContactsPageTest" name="validateCreateNewContact" time="4.531"/>
  <testcase classname="com.cra.qa.testcases.ContactsPageTest" name="validateCreateNewContact" time="4.488"/>
  <testcase classname="com.cra.qa.testcases.ContactsPageTest" name="validateCreateNewContact" time="4.512"/>
</testsuite> <!-- Free CRM App Test -->
