<?xml version="1.0" encoding="UTF-8"?>
<!-- Generated by org.testng.reporters.JUnitXMLReporter -->
<testsuite ignored="0" hostname="BRIAPWLpLl4e149" failures="0" tests="3" name="Default test" time="41.242" errors="0" timestamp="2024-04-07T12:38:29 IST">
  <testcase classname="testCases.LoginPageTest" name="ForgotFunctionality" time="10.864"/>
  <testcase classname="testCases.LoginPageTest" name="LoginSuccessful" time="8.314"/>
  <testcase classname="testCases.LoginPageTest" name="LoginWithInvalidCredentials" time="8.723"/>
</testsuite> <!-- Default test -->
